 * Serving Flask app "control_server" (lazy loading)
 * Environment: production
   WARNING: This is a development server. Do not use it in a production deployment.
   Use a production WSGI server instead.
 * Debug mode: on
 * Running on http://0.0.0.0:6777/ (Press CTRL+C to quit)
 * Restarting with stat
 * Debugger is active!
 * Debugger PIN: 197-102-686
117.136.119.209 - - [01/Dec/2019 16:43:08] "POST /upload_screenshot?token=39e214641cd44515bcffc8ccf2d4395a HTTP/1.1" 200 -
117.136.119.209 - - [01/Dec/2019 16:43:13] "POST /upload_screenshot?token=39e214641cd44515bcffc8ccf2d4395a HTTP/1.1" 200 -
117.136.119.209 - - [01/Dec/2019 16:43:18] "POST /upload_screenshot?token=39e214641cd44515bcffc8ccf2d4395a HTTP/1.1" 200 -
117.136.119.209 - - [01/Dec/2019 16:46:08] "POST /upload_screenshot?token=39e214641cd44515bcffc8ccf2d4395a HTTP/1.1" 200 -
117.136.119.209 - - [01/Dec/2019 16:46:13] "POST /upload_screenshot?token=39e214641cd44515bcffc8ccf2d4395a HTTP/1.1" 200 -
117.136.119.209 - - [01/Dec/2019 16:46:19] "POST /upload_screenshot?token=39e214641cd44515bcffc8ccf2d4395a HTTP/1.1" 200 -
117.136.119.209 - - [01/Dec/2019 16:46:24] "POST /upload_screenshot?token=39e214641cd44515bcffc8ccf2d4395a HTTP/1.1" 200 -
117.136.119.209 - - [01/Dec/2019 16:46:30] "POST /upload_screenshot?token=39e214641cd44515bcffc8ccf2d4395a HTTP/1.1" 200 -
117.136.119.209 - - [01/Dec/2019 16:46:37] "POST /upload_screenshot?token=39e214641cd44515bcffc8ccf2d4395a HTTP/1.1" 200 -
117.136.119.209 - - [01/Dec/2019 16:46:45] "POST /upload_screenshot?token=39e214641cd44515bcffc8ccf2d4395a HTTP/1.1" 200 -
117.136.119.209 - - [01/Dec/2019 16:46:52] "POST /upload_screenshot?token=39e214641cd44515bcffc8ccf2d4395a HTTP/1.1" 200 -
117.136.119.209 - - [01/Dec/2019 16:46:57] "POST /upload_screenshot?token=39e214641cd44515bcffc8ccf2d4395a HTTP/1.1" 200 -
117.136.119.209 - - [01/Dec/2019 16:47:03] "POST /upload_screenshot?token=39e214641cd44515bcffc8ccf2d4395a HTTP/1.1" 200 -
117.136.119.209 - - [01/Dec/2019 16:47:09] "POST /upload_screenshot?token=39e214641cd44515bcffc8ccf2d4395a HTTP/1.1" 200 -
117.136.119.209 - - [01/Dec/2019 16:47:15] "POST /upload_screenshot?token=39e214641cd44515bcffc8ccf2d4395a HTTP/1.1" 200 -
117.136.119.209 - - [01/Dec/2019 16:47:21] "POST /upload_screenshot?token=39e214641cd44515bcffc8ccf2d4395a HTTP/1.1" 200 -
117.136.119.209 - - [01/Dec/2019 16:47:27] "POST /upload_screenshot?token=39e214641cd44515bcffc8ccf2d4395a HTTP/1.1" 200 -
117.136.119.209 - - [01/Dec/2019 16:47:33] "POST /upload_screenshot?token=39e214641cd44515bcffc8ccf2d4395a HTTP/1.1" 200 -
117.136.119.209 - - [01/Dec/2019 16:47:39] "POST /upload_screenshot?token=39e214641cd44515bcffc8ccf2d4395a HTTP/1.1" 200 -
117.136.119.209 - - [01/Dec/2019 16:47:45] "POST /upload_screenshot?token=39e214641cd44515bcffc8ccf2d4395a HTTP/1.1" 200 -
117.136.119.209 - - [01/Dec/2019 16:47:50] "POST /upload_screenshot?token=39e214641cd44515bcffc8ccf2d4395a HTTP/1.1" 200 -
117.136.119.209 - - [01/Dec/2019 16:47:55] "POST /upload_screenshot?token=39e214641cd44515bcffc8ccf2d4395a HTTP/1.1" 200 -
117.136.119.209 - - [01/Dec/2019 16:48:01] "POST /upload_screenshot?token=39e214641cd44515bcffc8ccf2d4395a HTTP/1.1" 200 -
117.136.119.209 - - [01/Dec/2019 16:48:06] "POST /upload_screenshot?token=39e214641cd44515bcffc8ccf2d4395a HTTP/1.1" 200 -
117.136.119.209 - - [01/Dec/2019 16:48:12] "POST /upload_screenshot?token=39e214641cd44515bcffc8ccf2d4395a HTTP/1.1" 200 -
117.136.119.209 - - [01/Dec/2019 16:48:17] "POST /upload_screenshot?token=39e214641cd44515bcffc8ccf2d4395a HTTP/1.1" 200 -
117.136.119.209 - - [01/Dec/2019 16:48:22] "POST /upload_screenshot?token=39e214641cd44515bcffc8ccf2d4395a HTTP/1.1" 200 -
117.136.119.209 - - [01/Dec/2019 16:48:28] "POST /upload_screenshot?token=39e214641cd44515bcffc8ccf2d4395a HTTP/1.1" 200 -
117.136.119.209 - - [01/Dec/2019 16:48:34] "POST /upload_screenshot?token=39e214641cd44515bcffc8ccf2d4395a HTTP/1.1" 200 -
117.136.119.209 - - [01/Dec/2019 16:48:39] "POST /upload_screenshot?token=39e214641cd44515bcffc8ccf2d4395a HTTP/1.1" 200 -
117.136.119.209 - - [01/Dec/2019 16:48:44] "POST /upload_screenshot?token=39e214641cd44515bcffc8ccf2d4395a HTTP/1.1" 200 -
117.136.119.209 - - [01/Dec/2019 16:48:49] "POST /upload_screenshot?token=39e214641cd44515bcffc8ccf2d4395a HTTP/1.1" 200 -
117.136.119.209 - - [01/Dec/2019 16:48:55] "POST /upload_screenshot?token=39e214641cd44515bcffc8ccf2d4395a HTTP/1.1" 200 -
117.136.119.209 - - [01/Dec/2019 16:49:00] "POST /upload_screenshot?token=39e214641cd44515bcffc8ccf2d4395a HTTP/1.1" 200 -
117.136.119.209 - - [01/Dec/2019 16:49:06] "POST /upload_screenshot?token=39e214641cd44515bcffc8ccf2d4395a HTTP/1.1" 200 -
39e214641cd44515bcffc8ccf2d4395a
Detecting the start position.
(800, 400, 3)
The start position is (252, 405)
Detecting the end position.
The end position is (162, 384)
The time interval is 369
Sending to the Android phone...
OK!


39e214641cd44515bcffc8ccf2d4395a
Detecting the start position.
(800, 400, 3)
The start position is (132, 460)
Detecting the end position.
The end position is (297, 367)
The time interval is 757
Sending to the Android phone...
OK!


39e214641cd44515bcffc8ccf2d4395a
Detecting the start position.
(800, 400, 3)
The start position is (272, 445)
Detecting the end position.
The end position is (137, 370)
The time interval is 617
Sending to the Android phone...
OK!


39e214641cd44515bcffc8ccf2d4395a
Detecting the start position.
(800, 400, 3)
The start position is (250, 425)
Detecting the end position.
The end position is (245, 334)
The time interval is 364
Sending to the Android phone...
OK!


39e214641cd44515bcffc8ccf2d4395a
Detecting the start position.
(800, 400, 3)
The start position is (162, 403)
Detecting the end position.
The end position is (252, 383)
The time interval is 368
Sending to the Android phone...
OK!


39e214641cd44515bcffc8ccf2d4395a
Detecting the start position.
(800, 400, 3)
The start position is (124, 450)
Detecting the end position.
The end position is (280, 367)
The time interval is 706
Sending to the Android phone...
OK!


39e214641cd44515bcffc8ccf2d4395a
Detecting the start position.
(800, 400, 3)
The start position is (98, 440)
Detecting the end position.
The end position is (315, 343)
The time interval is 950
Sending to the Android phone...
OK!


39e214641cd44515bcffc8ccf2d4395a
Detecting the start position.
(800, 400, 3)
The start position is (268, 410)
Detecting the end position.
The end position is (149, 371)
The time interval is 500
Sending to the Android phone...
OK!


39e214641cd44515bcffc8ccf2d4395a
Detecting the start position.
(800, 400, 3)
The start position is (166, 431)
Detecting the end position.
The end position is (255, 379)
The time interval is 412
Sending to the Android phone...
OK!


39e214641cd44515bcffc8ccf2d4395a
Detecting the start position.
(800, 400, 3)
The start position is (258, 414)
Detecting the end position.
The end position is (150, 377)
The time interval is 456
Sending to the Android phone...
OK!


39e214641cd44515bcffc8ccf2d4395a
Detecting the start position.
(800, 400, 3)
The start position is (149, 452)
Detecting the end position.
The end position is (280, 365)
The time interval is 629
Sending to the Android phone...
OK!


39e214641cd44515bcffc8ccf2d4395a
Detecting the start position.
(800, 400, 3)
The start position is (128, 423)
Detecting the end position.
The end position is (281, 369)
The time interval is 648
Sending to the Android phone...
OK!


39e214641cd44515bcffc8ccf2d4395a
Detecting the start position.
(800, 400, 3)
The start position is (152, 432)
Detecting the end position.
The end position is (254, 378)
The time interval is 461
Sending to the Android phone...
OK!


39e214641cd44515bcffc8ccf2d4395a
Detecting the start position.
(800, 400, 3)
The start position is (247, 428)
Detecting the end position.
The end position is (167, 387)
The time interval is 359
Sending to the Android phone...
OK!


39e214641cd44515bcffc8ccf2d4395a
Detecting the start position.
(800, 400, 3)
The start position is (319, 465)
Detecting the end position.
The end position is (102, 360)
The time interval is 964
Sending to the Android phone...
OK!


39e214641cd44515bcffc8ccf2d4395a
Detecting the start position.
(800, 400, 3)
The start position is (296, 452)
Detecting the end position.
The end position is (116, 354)
The time interval is 819
Sending to the Android phone...
OK!


39e214641cd44515bcffc8ccf2d4395a
Detecting the start position.
(800, 400, 3)
The start position is (155, 422)
Detecting the end position.
The end position is (253, 387)
The time interval is 416
Sending to the Android phone...
OK!


39e214641cd44515bcffc8ccf2d4395a
Detecting the start position.
(800, 400, 3)
The start position is (294, 429)
Detecting the end position.
The end position is (118, 359)
The time interval is 757
Sending to the Android phone...
OK!


39e214641cd44515bcffc8ccf2d4395a
Detecting the start position.
(800, 400, 3)
The start position is (145, 421)
Detecting the end position.
The end position is (277, 373)
The time interval is 561
Sending to the Android phone...
OK!


39e214641cd44515bcffc8ccf2d4395a
Detecting the start position.
(800, 400, 3)
The start position is (160, 431)
Detecting the end position.
The end position is (244, 412)
The time interval is 344
Sending to the Android phone...
OK!


39e214641cd44515bcffc8ccf2d4395a
Detecting the start position.
(800, 400, 3)
The start position is (243, 428)
Detecting the end position.
The end position is (164, 386)
The time interval is 357
Sending to the Android phone...
OK!


39e214641cd44515bcffc8ccf2d4395a
Detecting the start position.
(800, 400, 3)
The start position is (290, 426)
Detecting the end position.
The end position is (135, 370)
The time interval is 659
Sending to the Android phone...
OK!


39e214641cd44515bcffc8ccf2d4395a
Detecting the start position.
(800, 400, 3)
The start position is (181, 426)
Detecting the end position.
The end position is (242, 394)
The time interval is 275
Sending to the Android phone...
OK!


39e214641cd44515bcffc8ccf2d4395a
Detecting the start position.
(800, 400, 3)
The start position is (145, 415)
Detecting the end position.
The end position is (263, 387)
The time interval is 485
Sending to the Android phone...
OK!


39e214641cd44515bcffc8ccf2d4395a
Detecting the start position.
(800, 400, 3)
The start position is (235, 436)
Detecting the end position.
The end position is (162, 383)
The time interval is 360
Sending to the Android phone...
OK!


39e214641cd44515bcffc8ccf2d4395a
Detecting the start position.
(800, 400, 3)
The start position is (276, 431)
Detecting the end position.
The end position is (153, 380)
The time interval is 532
Sending to the Android phone...
OK!


39e214641cd44515bcffc8ccf2d4395a
Detecting the start position.
(800, 400, 3)
The start position is (290, 425)
Detecting the end position.
The end position is (136, 386)
The time interval is 635
Sending to the Android phone...
OK!


39e214641cd44515bcffc8ccf2d4395a
Detecting the start position.
(800, 400, 3)
The start position is (296, 451)
Detecting the end position.
The end position is (132, 387)
The time interval is 704
Sending to the Android phone...
OK!


39e214641cd44515bcffc8ccf2d4395a
Detecting the start position.
(800, 400, 3)
The start position is (259, 430)
Detecting the end position.
The end position is (164, 392)
The time interval is 409
Sending to the Android phone...
OK!


39e214641cd44515bcffc8ccf2d4395a
Detecting the start position.
(800, 400, 3)
The start position is (183, 402)
Detecting the end position.
The end position is (181, 405)
The time interval is 14
Sending to the Android phone...
OK!


39e214641cd44515bcffc8ccf2d4395a
Detecting the start position.
(800, 400, 3)
The start position is (185, 400)
Detecting the end position.
The end position is (184, 403)
The time interval is 12
Sending to the Android phone...
OK!


39e214641cd44515bcffc8ccf2d4395a
Detecting the start position.
(800, 400, 3)
The start position is (244, 470)
Detecting the end position.
The end position is (242, 410)
The time interval is 240
Sending to the Android phone...
OK!


39e214641cd44515bcffc8ccf2d4395a
Detecting the start position.
(800, 400, 3)
The start position is (322, 419)
Detecting the end position.
The end position is (118, 354)
The time interval is 856
Sending to the Android phone...
OK!


39e214641cd44515bcffc8ccf2d4395a
Detecting the start position.
(800, 400, 3)
The start position is (127, 458)
Detecting the end position.
The end position is (309, 349)
The time interval is 848
Sending to the Android phone...
OK!


39e214641cd44515bcffc8ccf2d4395a
Detecting the start position.
(800, 400, 3)
The start position is (134, 358)
Detecting the end position.
The end position is (268, 269)
The time interval is 643
Sending to the Android phone...
OK!


39e214641cd44515bcffc8ccf2d4395a
Detecting the start position.
(800, 400, 3)117.136.119.209 - - [01/Dec/2019 16:49:12] "POST /upload_screenshot?token=39e214641cd44515bcffc8ccf2d4395a HTTP/1.1" 200 -
117.136.119.209 - - [01/Dec/2019 16:49:18] "POST /upload_screenshot?token=39e214641cd44515bcffc8ccf2d4395a HTTP/1.1" 200 -
117.136.119.209 - - [01/Dec/2019 16:49:24] "POST /upload_screenshot?token=39e214641cd44515bcffc8ccf2d4395a HTTP/1.1" 200 -
117.136.119.209 - - [01/Dec/2019 16:49:29] "POST /upload_screenshot?token=39e214641cd44515bcffc8ccf2d4395a HTTP/1.1" 200 -
117.136.119.209 - - [01/Dec/2019 16:49:35] "POST /upload_screenshot?token=39e214641cd44515bcffc8ccf2d4395a HTTP/1.1" 200 -
117.136.119.209 - - [01/Dec/2019 16:49:40] "POST /upload_screenshot?token=39e214641cd44515bcffc8ccf2d4395a HTTP/1.1" 200 -
117.136.119.209 - - [01/Dec/2019 16:49:46] "POST /upload_screenshot?token=39e214641cd44515bcffc8ccf2d4395a HTTP/1.1" 200 -
117.136.119.209 - - [01/Dec/2019 16:49:51] "POST /upload_screenshot?token=39e214641cd44515bcffc8ccf2d4395a HTTP/1.1" 200 -
117.136.119.209 - - [01/Dec/2019 16:49:57] "POST /upload_screenshot?token=39e214641cd44515bcffc8ccf2d4395a HTTP/1.1" 200 -
117.136.119.209 - - [01/Dec/2019 16:50:03] "POST /upload_screenshot?token=39e214641cd44515bcffc8ccf2d4395a HTTP/1.1" 200 -
117.136.119.209 - - [01/Dec/2019 16:50:09] "POST /upload_screenshot?token=39e214641cd44515bcffc8ccf2d4395a HTTP/1.1" 200 -
117.136.119.209 - - [01/Dec/2019 16:50:15] "POST /upload_screenshot?token=39e214641cd44515bcffc8ccf2d4395a HTTP/1.1" 200 -
117.136.119.209 - - [01/Dec/2019 16:50:21] "POST /upload_screenshot?token=39e214641cd44515bcffc8ccf2d4395a HTTP/1.1" 200 -
117.136.119.209 - - [01/Dec/2019 16:50:27] "POST /upload_screenshot?token=39e214641cd44515bcffc8ccf2d4395a HTTP/1.1" 200 -
117.136.119.209 - - [01/Dec/2019 16:50:32] "POST /upload_screenshot?token=39e214641cd44515bcffc8ccf2d4395a HTTP/1.1" 200 -
117.136.119.209 - - [01/Dec/2019 16:50:37] "POST /upload_screenshot?token=39e214641cd44515bcffc8ccf2d4395a HTTP/1.1" 200 -
117.136.119.209 - - [01/Dec/2019 16:50:43] "POST /upload_screenshot?token=39e214641cd44515bcffc8ccf2d4395a HTTP/1.1" 200 -
117.136.119.209 - - [01/Dec/2019 16:50:49] "POST /upload_screenshot?token=39e214641cd44515bcffc8ccf2d4395a HTTP/1.1" 200 -
117.136.119.209 - - [01/Dec/2019 16:50:54] "POST /upload_screenshot?token=39e214641cd44515bcffc8ccf2d4395a HTTP/1.1" 200 -
117.136.119.209 - - [01/Dec/2019 16:50:59] "POST /upload_screenshot?token=39e214641cd44515bcffc8ccf2d4395a HTTP/1.1" 200 -
117.136.119.209 - - [01/Dec/2019 16:51:05] "POST /upload_screenshot?token=39e214641cd44515bcffc8ccf2d4395a HTTP/1.1" 200 -
117.136.119.209 - - [01/Dec/2019 16:51:11] "POST /upload_screenshot?token=39e214641cd44515bcffc8ccf2d4395a HTTP/1.1" 200 -
117.136.119.209 - - [01/Dec/2019 16:51:18] "POST /upload_screenshot?token=39e214641cd44515bcffc8ccf2d4395a HTTP/1.1" 200 -
117.136.119.209 - - [01/Dec/2019 16:51:23] "POST /upload_screenshot?token=39e214641cd44515bcffc8ccf2d4395a HTTP/1.1" 200 -
117.136.119.209 - - [01/Dec/2019 16:51:30] "POST /upload_screenshot?token=39e214641cd44515bcffc8ccf2d4395a HTTP/1.1" 200 -
117.136.119.209 - - [01/Dec/2019 16:51:36] "POST /upload_screenshot?token=39e214641cd44515bcffc8ccf2d4395a HTTP/1.1" 200 -
117.136.119.209 - - [01/Dec/2019 16:51:41] "POST /upload_screenshot?token=39e214641cd44515bcffc8ccf2d4395a HTTP/1.1" 200 -
117.136.119.209 - - [01/Dec/2019 16:51:47] "POST /upload_screenshot?token=39e214641cd44515bcffc8ccf2d4395a HTTP/1.1" 200 -
117.136.119.209 - - [01/Dec/2019 16:51:52] "POST /upload_screenshot?token=39e214641cd44515bcffc8ccf2d4395a HTTP/1.1" 200 -
117.136.119.209 - - [01/Dec/2019 16:51:58] "POST /upload_screenshot?token=39e214641cd44515bcffc8ccf2d4395a HTTP/1.1" 200 -
117.136.119.209 - - [01/Dec/2019 16:52:04] "POST /upload_screenshot?token=39e214641cd44515bcffc8ccf2d4395a HTTP/1.1" 200 -
117.136.119.209 - - [01/Dec/2019 16:52:10] "POST /upload_screenshot?token=39e214641cd44515bcffc8ccf2d4395a HTTP/1.1" 200 -
117.136.119.209 - - [01/Dec/2019 16:52:17] "POST /upload_screenshot?token=39e214641cd44515bcffc8ccf2d4395a HTTP/1.1" 200 -
117.136.119.209 - - [01/Dec/2019 16:52:23] "POST /upload_screenshot?token=39e214641cd44515bcffc8ccf2d4395a HTTP/1.1" 200 -
117.136.119.209 - - [01/Dec/2019 16:52:29] "POST /upload_screenshot?token=39e214641cd44515bcffc8ccf2d4395a HTTP/1.1" 200 -

The start position is (103, 484)
Detecting the end position.
The end position is (314, 345)
The time interval is 1010
Sending to the Android phone...
OK!


39e214641cd44515bcffc8ccf2d4395a
Detecting the start position.
(800, 400, 3)
The start position is (124, 448)
Detecting the end position.
The end position is (291, 357)
The time interval is 760
Sending to the Android phone...
OK!


39e214641cd44515bcffc8ccf2d4395a
Detecting the start position.
(800, 400, 3)
The start position is (313, 454)
Detecting the end position.
The end position is (108, 375)
The time interval is 878
Sending to the Android phone...
OK!


39e214641cd44515bcffc8ccf2d4395a
Detecting the start position.
(800, 400, 3)
The start position is (142, 445)
Detecting the end position.
The end position is (272, 368)
The time interval is 604
Sending to the Android phone...
OK!


39e214641cd44515bcffc8ccf2d4395a
Detecting the start position.
(800, 400, 3)
The start position is (126, 447)
Detecting the end position.
The end position is (294, 358)
The time interval is 760
Sending to the Android phone...
OK!


39e214641cd44515bcffc8ccf2d4395a
Detecting the start position.
(800, 400, 3)
The start position is (152, 410)
Detecting the end position.
The end position is (273, 365)
The time interval is 516
Sending to the Android phone...
OK!


39e214641cd44515bcffc8ccf2d4395a
Detecting the start position.
(800, 400, 3)
The start position is (108, 435)
Detecting the end position.
The end position is (298, 357)
The time interval is 821
Sending to the Android phone...
OK!


39e214641cd44515bcffc8ccf2d4395a
Detecting the start position.
(800, 400, 3)
The start position is (266, 415)
Detecting the end position.
The end position is (145, 391)
The time interval is 493
Sending to the Android phone...
OK!


39e214641cd44515bcffc8ccf2d4395a
Detecting the start position.
(800, 400, 3)
The start position is (126, 471)
Detecting the end position.
The end position is (310, 346)
The time interval is 889
Sending to the Android phone...
OK!


39e214641cd44515bcffc8ccf2d4395a
Detecting the start position.
(800, 400, 3)
The start position is (109, 432)
Detecting the end position.
The end position is (303, 354)
The time interval is 836
Sending to the Android phone...
OK!


39e214641cd44515bcffc8ccf2d4395a
Detecting the start position.
(800, 400, 3)
The start position is (304, 455)
Detecting the end position.
The end position is (110, 346)
The time interval is 890
Sending to the Android phone...
OK!


39e214641cd44515bcffc8ccf2d4395a
Detecting the start position.
(800, 400, 3)
The start position is (277, 418)
Detecting the end position.
The end position is (122, 383)
The time interval is 635
Sending to the Android phone...
OK!


39e214641cd44515bcffc8ccf2d4395a
Detecting the start position.
(800, 400, 3)
The start position is (329, 471)
Detecting the end position.
The end position is (100, 348)
The time interval is 1039
Sending to the Android phone...
OK!


39e214641cd44515bcffc8ccf2d4395a
Detecting the start position.
(800, 400, 3)
The start position is (275, 416)
Detecting the end position.
The end position is (122, 356)
The time interval is 657
Sending to the Android phone...
OK!


39e214641cd44515bcffc8ccf2d4395a
Detecting the start position.
(800, 400, 3)
The start position is (288, 447)
Detecting the end position.
The end position is (138, 367)
The time interval is 680
Sending to the Android phone...
OK!


39e214641cd44515bcffc8ccf2d4395a
Detecting the start position.
(800, 400, 3)
The start position is (310, 471)
Detecting the end position.
The end position is (102, 365)
The time interval is 933
Sending to the Android phone...
OK!


39e214641cd44515bcffc8ccf2d4395a
Detecting the start position.
(800, 400, 3)
The start position is (242, 397)
Detecting the end position.
The end position is (164, 386)
The time interval is 315
Sending to the Android phone...
OK!


39e214641cd44515bcffc8ccf2d4395a
Detecting the start position.
(800, 400, 3)
The start position is (141, 427)
Detecting the end position.
The end position is (283, 361)
The time interval is 626
Sending to the Android phone...
OK!


39e214641cd44515bcffc8ccf2d4395a
Detecting the start position.
(800, 400, 3)
The start position is (235, 408)
Detecting the end position.
The end position is (167, 405)
The time interval is 272
Sending to the Android phone...
OK!


39e214641cd44515bcffc8ccf2d4395a
Detecting the start position.
(800, 400, 3)
The start position is (289, 437)
Detecting the end position.
The end position is (147, 373)
The time interval is 623
Sending to the Android phone...
OK!


39e214641cd44515bcffc8ccf2d4395a
Detecting the start position.
(800, 400, 3)
The start position is (162, 415)
Detecting the end position.
The end position is (263, 372)
The time interval is 439
Sending to the Android phone...
OK!


39e214641cd44515bcffc8ccf2d4395a
Detecting the start position.
(800, 400, 3)
The start position is (119, 452)
Detecting the end position.
The end position is (276, 368)
The time interval is 712
Sending to the Android phone...
OK!


39e214641cd44515bcffc8ccf2d4395a
Detecting the start position.
(800, 400, 3)
The start position is (293, 423)
Detecting the end position.
The end position is (124, 360)
The time interval is 721
Sending to the Android phone...
OK!


39e214641cd44515bcffc8ccf2d4395a
Detecting the start position.
(800, 400, 3)
The start position is (126, 432)
Detecting the end position.
The end position is (295, 354)
The time interval is 744
Sending to the Android phone...
OK!


39e214641cd44515bcffc8ccf2d4395a
Detecting the start position.
(800, 400, 3)
The start position is (261, 449)
Detecting the end position.
The end position is (147, 377)
The time interval is 539
Sending to the Android phone...
OK!


39e214641cd44515bcffc8ccf2d4395a
Detecting the start position.
(800, 400, 3)
The start position is (262, 409)
Detecting the end position.
The end position is (154, 380)
The time interval is 447
Sending to the Android phone...
OK!


39e214641cd44515bcffc8ccf2d4395a
Detecting the start position.
(800, 400, 3)
The start position is (272, 415)
Detecting the end position.
The end position is (155, 403)
The time interval is 470
Sending to the Android phone...
OK!


39e214641cd44515bcffc8ccf2d4395a
Detecting the start position.
(800, 400, 3)
The start position is (188, 432)
Detecting the end position.
The end position is (246, 391)
The time interval is 284
Sending to the Android phone...
OK!


39e214641cd44515bcffc8ccf2d4395a
Detecting the start position.
(800, 400, 3)
The start position is (130, 451)
Detecting the end position.
The end position is (273, 375)
The time interval is 647
Sending to the Android phone...
OK!


39e214641cd44515bcffc8ccf2d4395a
Detecting the start position.
(800, 400, 3)
The start position is (160, 405)
Detecting the end position.
The end position is (251, 389)
The time interval is 369
Sending to the Android phone...
OK!


39e214641cd44515bcffc8ccf2d4395a
Detecting the start position.
(800, 400, 3)
The start position is (94, 440)
Detecting the end position.
The end position is (305, 353)
The time interval is 912
Sending to the Android phone...
OK!


39e214641cd44515bcffc8ccf2d4395a
Detecting the start position.
(800, 400, 3)
The start position is (144, 424)
Detecting the end position.
The end position is (275, 383)
The time interval is 549
Sending to the Android phone...
OK!


39e214641cd44515bcffc8ccf2d4395a
Detecting the start position.
(800, 400, 3)
The start position is (270, 450)
Detecting the end position.
The end position is (133, 380)
The time interval is 615
Sending to the Android phone...
OK!


39e214641cd44515bcffc8ccf2d4395a
Detecting the start position.
(800, 400, 3)
The start position is (187, 425)
Detecting the end position.
The end position is (239, 398)
The time interval is 234
Sending to the Android phone...
OK!


39e214641cd44515bcffc8ccf2d4395a
Detecting the start position.
(800, 400, 3)
The start position is (273, 413)
Detecting the end position.
The end position is (274, 377)
The time interval is 144
Sending to the Android phone...
OK!


39e214641cd44515bcffc8ccf2d4395a
Detecting the start position.
(800, 400, 3)
The start position is (153, 435)
Detecting the end position.
The end position is117.136.119.209 - - [01/Dec/2019 16:52:34] "POST /upload_screenshot?token=39e214641cd44515bcffc8ccf2d4395a HTTP/1.1" 200 -
117.136.119.209 - - [01/Dec/2019 16:52:40] "POST /upload_screenshot?token=39e214641cd44515bcffc8ccf2d4395a HTTP/1.1" 200 -
117.136.119.209 - - [01/Dec/2019 16:52:45] "POST /upload_screenshot?token=39e214641cd44515bcffc8ccf2d4395a HTTP/1.1" 200 -
117.136.119.209 - - [01/Dec/2019 16:52:51] "POST /upload_screenshot?token=39e214641cd44515bcffc8ccf2d4395a HTTP/1.1" 200 -
117.136.119.209 - - [01/Dec/2019 16:52:56] "POST /upload_screenshot?token=39e214641cd44515bcffc8ccf2d4395a HTTP/1.1" 200 -
117.136.119.209 - - [01/Dec/2019 16:53:01] "POST /upload_screenshot?token=39e214641cd44515bcffc8ccf2d4395a HTTP/1.1" 200 -
117.136.119.209 - - [01/Dec/2019 16:53:07] "POST /upload_screenshot?token=39e214641cd44515bcffc8ccf2d4395a HTTP/1.1" 200 -
117.136.119.209 - - [01/Dec/2019 16:53:12] "POST /upload_screenshot?token=39e214641cd44515bcffc8ccf2d4395a HTTP/1.1" 200 -
117.136.119.209 - - [01/Dec/2019 16:53:17] "POST /upload_screenshot?token=39e214641cd44515bcffc8ccf2d4395a HTTP/1.1" 200 -
117.136.119.209 - - [01/Dec/2019 16:53:23] "POST /upload_screenshot?token=39e214641cd44515bcffc8ccf2d4395a HTTP/1.1" 200 -
117.136.119.209 - - [01/Dec/2019 16:53:29] "POST /upload_screenshot?token=39e214641cd44515bcffc8ccf2d4395a HTTP/1.1" 200 -
117.136.119.209 - - [01/Dec/2019 16:53:34] "POST /upload_screenshot?token=39e214641cd44515bcffc8ccf2d4395a HTTP/1.1" 200 -
117.136.119.209 - - [01/Dec/2019 16:53:40] "POST /upload_screenshot?token=39e214641cd44515bcffc8ccf2d4395a HTTP/1.1" 200 -
117.136.119.209 - - [01/Dec/2019 16:53:45] "POST /upload_screenshot?token=39e214641cd44515bcffc8ccf2d4395a HTTP/1.1" 200 -
117.136.119.209 - - [01/Dec/2019 16:53:50] "POST /upload_screenshot?token=39e214641cd44515bcffc8ccf2d4395a HTTP/1.1" 200 -
117.136.119.209 - - [01/Dec/2019 16:53:55] "POST /upload_screenshot?token=39e214641cd44515bcffc8ccf2d4395a HTTP/1.1" 200 -
117.136.119.209 - - [01/Dec/2019 16:54:02] "POST /upload_screenshot?token=39e214641cd44515bcffc8ccf2d4395a HTTP/1.1" 200 -
117.136.119.209 - - [01/Dec/2019 16:54:08] "POST /upload_screenshot?token=39e214641cd44515bcffc8ccf2d4395a HTTP/1.1" 200 -
117.136.119.209 - - [01/Dec/2019 16:54:14] "POST /upload_screenshot?token=39e214641cd44515bcffc8ccf2d4395a HTTP/1.1" 200 -
117.136.119.209 - - [01/Dec/2019 16:54:19] "POST /upload_screenshot?token=39e214641cd44515bcffc8ccf2d4395a HTTP/1.1" 200 -
117.136.119.209 - - [01/Dec/2019 16:54:25] "POST /upload_screenshot?token=39e214641cd44515bcffc8ccf2d4395a HTTP/1.1" 200 -
117.136.119.209 - - [01/Dec/2019 16:54:30] "POST /upload_screenshot?token=39e214641cd44515bcffc8ccf2d4395a HTTP/1.1" 200 -
117.136.119.209 - - [01/Dec/2019 16:54:35] "POST /upload_screenshot?token=39e214641cd44515bcffc8ccf2d4395a HTTP/1.1" 200 -
117.136.119.209 - - [01/Dec/2019 16:54:40] "POST /upload_screenshot?token=39e214641cd44515bcffc8ccf2d4395a HTTP/1.1" 200 -
117.136.119.209 - - [01/Dec/2019 16:54:45] "POST /upload_screenshot?token=39e214641cd44515bcffc8ccf2d4395a HTTP/1.1" 200 -
117.136.119.209 - - [01/Dec/2019 16:54:52] "POST /upload_screenshot?token=39e214641cd44515bcffc8ccf2d4395a HTTP/1.1" 200 -
117.136.119.209 - - [01/Dec/2019 16:55:00] "POST /upload_screenshot?token=39e214641cd44515bcffc8ccf2d4395a HTTP/1.1" 200 -
117.136.119.209 - - [01/Dec/2019 16:55:05] "POST /upload_screenshot?token=39e214641cd44515bcffc8ccf2d4395a HTTP/1.1" 200 -
117.136.119.209 - - [01/Dec/2019 16:55:09] "POST /upload_screenshot?token=39e214641cd44515bcffc8ccf2d4395a HTTP/1.1" 200 -
117.136.119.209 - - [01/Dec/2019 16:55:13] "POST /upload_screenshot?token=39e214641cd44515bcffc8ccf2d4395a HTTP/1.1" 200 -
117.136.119.209 - - [01/Dec/2019 16:55:17] "POST /upload_screenshot?token=39e214641cd44515bcffc8ccf2d4395a HTTP/1.1" 200 -
117.136.119.209 - - [01/Dec/2019 16:55:21] "POST /upload_screenshot?token=39e214641cd44515bcffc8ccf2d4395a HTTP/1.1" 200 -
117.136.119.209 - - [01/Dec/2019 16:55:26] "POST /upload_screenshot?token=39e214641cd44515bcffc8ccf2d4395a HTTP/1.1" 200 -
117.136.119.209 - - [01/Dec/2019 16:55:30] "POST /upload_screenshot?token=39e214641cd44515bcffc8ccf2d4395a HTTP/1.1" 200 -
117.136.119.209 - - [01/Dec/2019 16:55:34] "POST /upload_screenshot?token=39e214641cd44515bcffc8ccf2d4395a HTTP/1.1" 200 -
117.136.119.209 - - [01/Dec/2019 16:55:38] "POST /upload_screenshot?token=39e214641cd44515bcffc8ccf2d4395a HTTP/1.1" 200 -
117.136.119.209 - - [01/Dec/2019 16:55:42] "POST /upload_screenshot?token=39e214641cd44515bcffc8ccf2d4395a HTTP/1.1" 200 -
117.136.119.209 - - [01/Dec/2019 16:55:46] "POST /upload_screenshot?token=39e214641cd44515bcffc8ccf2d4395a HTTP/1.1" 200 -
 (274, 377)
The time interval is 536
Sending to the Android phone...
OK!


39e214641cd44515bcffc8ccf2d4395a
Detecting the start position.
(800, 400, 3)
The start position is (157, 439)
Detecting the end position.
The end position is (255, 386)
The time interval is 445
Sending to the Android phone...
OK!


39e214641cd44515bcffc8ccf2d4395a
Detecting the start position.
(800, 400, 3)
The start position is (213, 566)
Detecting the end position.
The end position is (105, 373)
The time interval is 884
Sending to the Android phone...
OK!


39e214641cd44515bcffc8ccf2d4395a
Detecting the start position.
(800, 400, 3)
The start position is (285, 445)
Detecting the end position.
The end position is (133, 368)
The time interval is 681
Sending to the Android phone...
OK!


39e214641cd44515bcffc8ccf2d4395a
Detecting the start position.
(800, 400, 3)
The start position is (124, 428)
Detecting the end position.
The end position is (293, 367)
The time interval is 718
Sending to the Android phone...
OK!


39e214641cd44515bcffc8ccf2d4395a
Detecting the start position.
(800, 400, 3)
The start position is (246, 435)
Detecting the end position.
The end position is (161, 386)
The time interval is 392
Sending to the Android phone...
OK!


39e214641cd44515bcffc8ccf2d4395a
Detecting the start position.
(800, 400, 3)
The start position is (131, 459)
Detecting the end position.
The end position is (293, 364)
The time interval is 751
Sending to the Android phone...
OK!


39e214641cd44515bcffc8ccf2d4395a
Detecting the start position.
(800, 400, 3)
The start position is (170, 400)
Detecting the end position.
The end position is (245, 390)
The time interval is 302
Sending to the Android phone...
OK!


39e214641cd44515bcffc8ccf2d4395a
Detecting the start position.
(800, 400, 3)
The start position is (94, 466)
Detecting the end position.
The end position is (309, 360)
The time interval is 958
Sending to the Android phone...
OK!


39e214641cd44515bcffc8ccf2d4395a
Detecting the start position.
(800, 400, 3)
The start position is (250, 432)
Detecting the end position.
The end position is (166, 393)
The time interval is 370
Sending to the Android phone...
OK!


39e214641cd44515bcffc8ccf2d4395a
Detecting the start position.
(800, 400, 3)
The start position is (275, 449)
Detecting the end position.
The end position is (143, 391)
The time interval is 576
Sending to the Android phone...
OK!


39e214641cd44515bcffc8ccf2d4395a
Detecting the start position.
(800, 400, 3)
The start position is (286, 423)
Detecting the end position.
The end position is (134, 369)
The time interval is 645
Sending to the Android phone...
OK!


39e214641cd44515bcffc8ccf2d4395a
Detecting the start position.
(800, 400, 3)
The start position is (167, 432)
Detecting the end position.
The end position is (255, 384)
The time interval is 400
Sending to the Android phone...
OK!


39e214641cd44515bcffc8ccf2d4395a
Detecting the start position.
(800, 400, 3)
The start position is (241, 410)
Detecting the end position.
The end position is (163, 387)
The time interval is 325
Sending to the Android phone...
OK!


39e214641cd44515bcffc8ccf2d4395a
Detecting the start position.
(800, 400, 3)
The start position is (178, 414)
Detecting the end position.
The end position is (251, 394)
The time interval is 302
Sending to the Android phone...
OK!


39e214641cd44515bcffc8ccf2d4395a
Detecting the start position.
(800, 400, 3)
The start position is (222, 437)
Detecting the end position.
The end position is (175, 406)
The time interval is 225
Sending to the Android phone...
OK!


39e214641cd44515bcffc8ccf2d4395a
Detecting the start position.
(800, 400, 3)
The start position is (158, 461)
Detecting the end position.
The end position is (275, 365)
The time interval is 605
Sending to the Android phone...
OK!


39e214641cd44515bcffc8ccf2d4395a
Detecting the start position.
(800, 400, 3)
The start position is (153, 435)
Detecting the end position.
The end position is (252, 392)
The time interval is 431
Sending to the Android phone...
OK!


39e214641cd44515bcffc8ccf2d4395a
Detecting the start position.
(800, 400, 3)
The start position is (295, 462)
Detecting the end position.
The end position is (112, 361)
The time interval is 836
Sending to the Android phone...
OK!


39e214641cd44515bcffc8ccf2d4395a
Detecting the start position.
(800, 400, 3)
The start position is (145, 447)
Detecting the end position.
The end position is (271, 385)
The time interval is 561
Sending to the Android phone...
OK!


39e214641cd44515bcffc8ccf2d4395a
Detecting the start position.
(800, 400, 3)
The start position is (131, 447)
Detecting the end position.
The end position is (282, 374)
The time interval is 670
Sending to the Android phone...
OK!


39e214641cd44515bcffc8ccf2d4395a
Detecting the start position.
(800, 400, 3)
The start position is (164, 434)
Detecting the end position.
The end position is (163, 408)
The time interval is 104
Sending to the Android phone...
OK!


39e214641cd44515bcffc8ccf2d4395a
Detecting the start position.
(800, 400, 3)
The start position is (179, 426)
Detecting the end position.
The end position is (181, 401)
The time interval is 100
Sending to the Android phone...
OK!


39e214641cd44515bcffc8ccf2d4395a
Detecting the start position.
(800, 400, 3)
The start position is (215, 424)
Detecting the end position.
The end position is (248, 412)
The time interval is 140
Sending to the Android phone...
OK!


39e214641cd44515bcffc8ccf2d4395a
Detecting the start position.
(800, 400, 3)
The start position is (25, 519)
Detecting the end position.
The end position is (199, 276)
The time interval is 1195
Sending to the Android phone...
OK!


39e214641cd44515bcffc8ccf2d4395a
Detecting the start position.
(800, 400, 3)
The start position is (220, 247)
Detecting the end position.
The end position is (199, 240)
The time interval is 88
Sending to the Android phone...
OK!


39e214641cd44515bcffc8ccf2d4395a
Detecting the start position.
(800, 400, 3)
The start position is (341, 302)
Detecting the end position.
The end position is (296, 240)
The time interval is 306
Sending to the Android phone...
OK!


39e214641cd44515bcffc8ccf2d4395a
Detecting the start position.
(800, 400, 3)
The start position is (25, 80)
Detecting the end position.
index 0 is out of bounds for axis 0 with size 0
39e214641cd44515bcffc8ccf2d4395a
Detecting the start position.
(800, 400, 3)
The start position is (25, 80)
Detecting the end position.
index 0 is out of bounds for axis 0 with size 0
39e214641cd44515bcffc8ccf2d4395a
Detecting the start position.
(800, 400, 3)
The start position is (25, 80)
Detecting the end position.
index 0 is out of bounds for axis 0 with size 0
39e214641cd44515bcffc8ccf2d4395a
Detecting the start position.
(800, 400, 3)
The start position is (25, 80)
Detecting the end position.
index 0 is out of bounds for axis 0 with size 0
39e214641cd44515bcffc8ccf2d4395a
Detecting the start position.
(800, 400, 3)
The start position is (25, 80)
Detecting the end position.
index 0 is out of bounds for axis 0 with size 0
39e214641cd44515bcffc8ccf2d4395a
Detecting the start position.
(800, 400, 3)
The start position is (25, 80)
Detecting the end position.
index 0 is out of bounds for axis 0 with size 0
39e214641cd44515bcffc8ccf2d4395a
Detecting the start position.
(800, 400, 3)
The start position is (25, 80)
Detecting the end position.
index 0 is out of bounds for axis 0 with size 0
39e214641cd44515bcffc8ccf2d4395a
Detecting the start position.
(800, 400, 3)
The start position is (25, 80)
Detecting the end position.
index 0 is out of bounds for axis 0 with size 0
39e214641cd44515bcffc8ccf2d4395a
Detecting the start position.
(800, 400, 3)
The start position is (25, 80)
Detecting the end position.
index 0 is out of bounds for axis 0 with size 0
39e214641cd44515bcffc8ccf2d4395a
Detecting the start position.
(800, 400, 3)
The start position is (25, 80)
Detecting the end position.
index 0 is out of bounds for axis 0 with size 0
39e214641cd44515bcffc8ccf2d4395a
Detecting the start position.
(800, 400, 3)
The start position is (25, 80)
Detecting the end position.
index 0 is out of bounds for axis 0 with size 0
39e214641cd44515bcffc8ccf2d4395a
Detecting the start position.
(800, 400, 3)117.136.119.209 - - [01/Dec/2019 16:55:50] "POST /upload_screenshot?token=39e214641cd44515bcffc8ccf2d4395a HTTP/1.1" 200 -
117.136.119.209 - - [01/Dec/2019 16:55:54] "POST /upload_screenshot?token=39e214641cd44515bcffc8ccf2d4395a HTTP/1.1" 200 -
117.136.119.209 - - [01/Dec/2019 16:55:58] "POST /upload_screenshot?token=39e214641cd44515bcffc8ccf2d4395a HTTP/1.1" 200 -
117.136.119.209 - - [01/Dec/2019 16:56:02] "POST /upload_screenshot?token=39e214641cd44515bcffc8ccf2d4395a HTTP/1.1" 200 -
117.136.119.209 - - [01/Dec/2019 16:56:06] "POST /upload_screenshot?token=39e214641cd44515bcffc8ccf2d4395a HTTP/1.1" 200 -
117.136.119.209 - - [01/Dec/2019 16:56:10] "POST /upload_screenshot?token=39e214641cd44515bcffc8ccf2d4395a HTTP/1.1" 200 -
117.136.119.209 - - [01/Dec/2019 16:56:14] "POST /upload_screenshot?token=39e214641cd44515bcffc8ccf2d4395a HTTP/1.1" 200 -
117.136.119.209 - - [01/Dec/2019 16:56:18] "POST /upload_screenshot?token=39e214641cd44515bcffc8ccf2d4395a HTTP/1.1" 200 -
117.136.119.209 - - [01/Dec/2019 16:56:22] "POST /upload_screenshot?token=39e214641cd44515bcffc8ccf2d4395a HTTP/1.1" 200 -
117.136.119.209 - - [01/Dec/2019 16:56:26] "POST /upload_screenshot?token=39e214641cd44515bcffc8ccf2d4395a HTTP/1.1" 200 -
117.136.119.209 - - [01/Dec/2019 16:56:30] "POST /upload_screenshot?token=39e214641cd44515bcffc8ccf2d4395a HTTP/1.1" 200 -
117.136.119.209 - - [01/Dec/2019 16:56:34] "POST /upload_screenshot?token=39e214641cd44515bcffc8ccf2d4395a HTTP/1.1" 200 -
117.136.119.209 - - [01/Dec/2019 16:56:38] "POST /upload_screenshot?token=39e214641cd44515bcffc8ccf2d4395a HTTP/1.1" 200 -
 * Detected change in '/home/wx_tyt/logics.py', reloading

The start position is (25, 80)
Detecting the end position.
index 0 is out of bounds for axis 0 with size 0
39e214641cd44515bcffc8ccf2d4395a
Detecting the start position.
(800, 400, 3)
The start position is (25, 80)
Detecting the end position.
index 0 is out of bounds for axis 0 with size 0
39e214641cd44515bcffc8ccf2d4395a
Detecting the start position.
(800, 400, 3)
The start position is (25, 80)
Detecting the end position.
index 0 is out of bounds for axis 0 with size 0
39e214641cd44515bcffc8ccf2d4395a
Detecting the start position.
(800, 400, 3)
The start position is (25, 80)
Detecting the end position.
index 0 is out of bounds for axis 0 with size 0
39e214641cd44515bcffc8ccf2d4395a
Detecting the start position.
(800, 400, 3)
The start position is (25, 80)
Detecting the end position.
index 0 is out of bounds for axis 0 with size 0
39e214641cd44515bcffc8ccf2d4395a
Detecting the start position.
(800, 400, 3)
The start position is (25, 80)
Detecting the end position.
index 0 is out of bounds for axis 0 with size 0
39e214641cd44515bcffc8ccf2d4395a
Detecting the start position.
(800, 400, 3)
The start position is (25, 80)
Detecting the end position.
index 0 is out of bounds for axis 0 with size 0
39e214641cd44515bcffc8ccf2d4395a
Detecting the start position.
(800, 400, 3)
The start position is (25, 80)
Detecting the end position.
index 0 is out of bounds for axis 0 with size 0
39e214641cd44515bcffc8ccf2d4395a
Detecting the start position.
(800, 400, 3)
The start position is (25, 80)
Detecting the end position.
index 0 is out of bounds for axis 0 with size 0
39e214641cd44515bcffc8ccf2d4395a
Detecting the start position.
(800, 400, 3)
The start position is (25, 80)
Detecting the end position.
index 0 is out of bounds for axis 0 with size 0
39e214641cd44515bcffc8ccf2d4395a
Detecting the start position.
(800, 400, 3)
The start position is (25, 80)
Detecting the end position.
index 0 is out of bounds for axis 0 with size 0
39e214641cd44515bcffc8ccf2d4395a
Detecting the start position.
(800, 400, 3)
The start position is (25, 80)
Detecting the end position.
index 0 is out of bounds for axis 0 with size 0
39e214641cd44515bcffc8ccf2d4395a
Detecting the start position.
(800, 400, 3)
The start position is (25, 80)
Detecting the end position.
index 0 is out of bounds for axis 0 with size 0
 * Restarting with stat
 * Debugger is active!
 * Debugger PIN: 197-102-686
117.136.119.209 - - [01/Dec/2019 16:56:43] "POST /upload_screenshot?token=39e214641cd44515bcffc8ccf2d4395a HTTP/1.1" 200 -
 * Detected change in '/home/wx_tyt/logics.py', reloading
39e214641cd44515bcffc8ccf2d4395a
Detecting the start position.
(800, 400, 3)
The start position is (25, 80)
Detecting the end position.
index 0 is out of bounds for axis 0 with size 0
 * Restarting with stat
 * Debugger is active!
 * Debugger PIN: 197-102-686
117.136.119.209 - - [01/Dec/2019 16:56:48] "POST /upload_screenshot?token=39e214641cd44515bcffc8ccf2d4395a HTTP/1.1" 200 -
 * Detected change in '/home/wx_tyt/logics.py', reloading
39e214641cd44515bcffc8ccf2d4395a
Detecting the start position.
(800, 400, 3)
The start position is (25, 80)
Detecting the end position.
index 0 is out of bounds for axis 0 with size 0
 * Restarting with stat
 * Debugger is active!
 * Debugger PIN: 197-102-686
117.136.119.209 - - [01/Dec/2019 16:56:54] "POST /upload_screenshot?token=39e214641cd44515bcffc8ccf2d4395a HTTP/1.1" 200 -
 * Detected change in '/home/wx_tyt/logics.py', reloading
39e214641cd44515bcffc8ccf2d4395a
Detecting the start position.
(800, 400, 3)
The start position is (25, 80)
Detecting the end position.
index 0 is out of bounds for axis 0 with size 0
 * Restarting with stat
 * Debugger is active!
 * Debugger PIN: 197-102-686
 * Detected change in '/home/wx_tyt/logics.py', reloading
39e214641cd44515bcffc8ccf2d4395a
Detecting the start position.
(800, 400, 3)
 * Restarting with stat
 * Debugger is active!
 * Debugger PIN: 197-102-686
117.136.119.209 - - [01/Dec/2019 16:57:10] "POST /upload_screenshot?token=39e214641cd44515bcffc8ccf2d4395a HTTP/1.1" 200 -
117.136.119.209 - - [01/Dec/2019 16:57:14] "POST /upload_screenshot?token=39e214641cd44515bcffc8ccf2d4395a HTTP/1.1" 200 -
 * Detected change in '/home/wx_tyt/logics.py', reloading
39e214641cd44515bcffc8ccf2d4395a
Detecting the start position.
(800, 400, 3)
The start position is (25, 80)
Detecting the end position.
index 0 is out of bounds for axis 0 with size 0
39e214641cd44515bcffc8ccf2d4395a
Detecting the start position.
(800, 400, 3)
The start position is (25, 80)
Detecting the end position.
index 0 is out of bounds for axis 0 with size 0
 * Restarting with stat
 * Debugger is active!
 * Debugger PIN: 197-102-686
117.136.119.209 - - [01/Dec/2019 16:57:18] "POST /upload_screenshot?token=39e214641cd44515bcffc8ccf2d4395a HTTP/1.1" 200 -
 * Detected change in '/home/wx_tyt/logics.py', reloading
39e214641cd44515bcffc8ccf2d4395a
Detecting the start position.
(800, 400, 3)
The start position is (25, 80)
Detecting the end position.
index 0 is out of bounds for axis 0 with size 0
 * Restarting with stat
 * Debugger is active!
 * Debugger PIN: 197-102-686
 * Detected change in '/home/wx_tyt/logics.py', reloading
 * Restarting with stat
 * Debugger is active!
 * Debugger PIN: 197-102-686
117.136.119.209 - - [01/Dec/2019 16:57:22] "POST /upload_screenshot?token=39e214641cd44515bcffc8ccf2d4395a HTTP/1.1" 200 -
 * Detected change in '/home/wx_tyt/logics.py', reloading
39e214641cd44515bcffc8ccf2d4395a
Detecting the start position.
(800, 400, 3)
The start position is (25, 80)
Detecting the end position.
index 0 is out of bounds for axis 0 with size 0
 * Restarting with stat
 * Debugger is active!
 * Debugger PIN: 197-102-686
 * Detected change in '/home/wx_tyt/logics.py', reloading
 * Restarting with stat
 * Debugger is active!
 * Debugger PIN: 197-102-686
117.136.119.209 - - [01/Dec/2019 16:57:27] "POST /upload_screenshot?token=39e214641cd44515bcffc8ccf2d4395a HTTP/1.1" 200 -
 * Detected change in '/home/wx_tyt/logics.py', reloading
39e214641cd44515bcffc8ccf2d4395a
Detecting the start position.
(800, 400, 3)
The start position is (25, 80)
Detecting the end position.
index 0 is out of bounds for axis 0 with size 0
 * Restarting with stat
 * Debugger is active!
 * Debugger PIN: 197-102-686
117.136.119.209 - - [01/Dec/2019 16:57:31] "POST /upload_screenshot?token=39e214641cd44515bcffc8ccf2d4395a HTTP/1.1" 200 -
117.136.119.209 - - [01/Dec/2019 16:57:35] "POST /upload_screenshot?token=39e214641cd44515bcffc8ccf2d4395a HTTP/1.1" 200 -
117.136.119.209 - - [01/Dec/2019 16:57:39] "POST /upload_screenshot?token=39e214641cd44515bcffc8ccf2d4395a HTTP/1.1" 200 -
117.136.119.209 - - [01/Dec/2019 16:57:43] "POST /upload_screenshot?token=39e214641cd44515bcffc8ccf2d4395a HTTP/1.1" 200 -
 * Detected change in '/home/wx_tyt/logics.py', reloading
39e214641cd44515bcffc8ccf2d4395a
Detecting the start position.
(800, 400, 3)
The start position is (25, 80)
Detecting the end position.
index 0 is out of bounds for axis 0 with size 0
39e214641cd44515bcffc8ccf2d4395a
Detecting the start position.
(800, 400, 3)
The start position is (25, 80)
Detecting the end position.
index 0 is out of bounds for axis 0 with size 0
39e214641cd44515bcffc8ccf2d4395a
Detecting the start position.
(800, 400, 3)
The start position is (25, 80)
Detecting the end position.
index 0 is out of bounds for axis 0 with size 0
39e214641cd44515bcffc8ccf2d4395a
Detecting the start position.
(800, 400, 3)
The start position is (25, 80)
Detecting the end position.
index 0 is out of bounds for axis 0 with size 0
 * Restarting with stat
 * Debugger is active!
 * Debugger PIN: 197-102-686
 * Detected change in '/home/wx_tyt/logics.py', reloading
39e214641cd44515bcffc8ccf2d4395a
Detecting the start position.
(800, 400, 3)
The start position is (25, 80)
Detecting the end position.
index 0 is out of bounds for axis 0 with size 0
 * Restarting with stat
 * Debugger is active!
 * Debugger PIN: 197-102-686
117.136.119.209 - - [01/Dec/2019 16:57:52] "POST /upload_screenshot?token=39e214641cd44515bcffc8ccf2d4395a HTTP/1.1" 200 -
117.136.119.209 - - [01/Dec/2019 16:57:56] "POST /upload_screenshot?token=39e214641cd44515bcffc8ccf2d4395a HTTP/1.1" 200 -
 * Serving Flask app "control_server" (lazy loading)
 * Environment: production
   WARNING: This is a development server. Do not use it in a production deployment.
   Use a production WSGI server instead.
 * Debug mode: on
 * Running on http://0.0.0.0:6777/ (Press CTRL+C to quit)
 * Restarting with stat
 * Debugger is active!
 * Debugger PIN: 197-102-686
117.136.119.209 - - [01/Dec/2019 17:13:00] "POST /upload_screenshot?token=39e214641cd44515bcffc8ccf2d4395a HTTP/1.1" 200 -
117.136.119.209 - - [01/Dec/2019 17:13:06] "POST /upload_screenshot?token=39e214641cd44515bcffc8ccf2d4395a HTTP/1.1" 200 -
117.136.119.209 - - [01/Dec/2019 17:13:11] "POST /upload_screenshot?token=39e214641cd44515bcffc8ccf2d4395a HTTP/1.1" 200 -
117.136.119.209 - - [01/Dec/2019 17:13:17] "POST /upload_screenshot?token=39e214641cd44515bcffc8ccf2d4395a HTTP/1.1" 200 -
117.136.119.209 - - [01/Dec/2019 17:13:22] "POST /upload_screenshot?token=39e214641cd44515bcffc8ccf2d4395a HTTP/1.1" 200 -
117.136.119.209 - - [01/Dec/2019 17:13:27] "POST /upload_screenshot?token=39e214641cd44515bcffc8ccf2d4395a HTTP/1.1" 200 -
117.136.119.209 - - [01/Dec/2019 17:13:33] "POST /upload_screenshot?token=39e214641cd44515bcffc8ccf2d4395a HTTP/1.1" 200 -
117.136.119.209 - - [01/Dec/2019 17:13:39] "POST /upload_screenshot?token=39e214641cd44515bcffc8ccf2d4395a HTTP/1.1" 200 -
117.136.119.209 - - [01/Dec/2019 17:13:44] "POST /upload_screenshot?token=39e214641cd44515bcffc8ccf2d4395a HTTP/1.1" 200 -
117.136.119.209 - - [01/Dec/2019 17:13:50] "POST /upload_screenshot?token=39e214641cd44515bcffc8ccf2d4395a HTTP/1.1" 200 -
117.136.119.209 - - [01/Dec/2019 17:13:55] "POST /upload_screenshot?token=39e214641cd44515bcffc8ccf2d4395a HTTP/1.1" 200 -
117.136.119.209 - - [01/Dec/2019 17:14:01] "POST /upload_screenshot?token=39e214641cd44515bcffc8ccf2d4395a HTTP/1.1" 200 -
117.136.119.209 - - [01/Dec/2019 17:14:06] "POST /upload_screenshot?token=39e214641cd44515bcffc8ccf2d4395a HTTP/1.1" 200 -
117.136.119.209 - - [01/Dec/2019 17:14:12] "POST /upload_screenshot?token=39e214641cd44515bcffc8ccf2d4395a HTTP/1.1" 200 -
117.136.119.209 - - [01/Dec/2019 17:14:18] "POST /upload_screenshot?token=39e214641cd44515bcffc8ccf2d4395a HTTP/1.1" 200 -
117.136.119.209 - - [01/Dec/2019 17:14:23] "POST /upload_screenshot?token=39e214641cd44515bcffc8ccf2d4395a HTTP/1.1" 200 -
117.136.119.209 - - [01/Dec/2019 17:14:28] "POST /upload_screenshot?token=39e214641cd44515bcffc8ccf2d4395a HTTP/1.1" 200 -
117.136.119.209 - - [01/Dec/2019 17:14:33] "POST /upload_screenshot?token=39e214641cd44515bcffc8ccf2d4395a HTTP/1.1" 200 -
117.136.119.209 - - [01/Dec/2019 17:14:39] "POST /upload_screenshot?token=39e214641cd44515bcffc8ccf2d4395a HTTP/1.1" 200 -
117.136.119.209 - - [01/Dec/2019 17:14:44] "POST /upload_screenshot?token=39e214641cd44515bcffc8ccf2d4395a HTTP/1.1" 200 -
117.136.119.209 - - [01/Dec/2019 17:14:50] "POST /upload_screenshot?token=39e214641cd44515bcffc8ccf2d4395a HTTP/1.1" 200 -
117.136.119.209 - - [01/Dec/2019 17:14:55] "POST /upload_screenshot?token=39e214641cd44515bcffc8ccf2d4395a HTTP/1.1" 200 -
117.136.119.209 - - [01/Dec/2019 17:15:45] "POST /upload_screenshot?token=39e214641cd44515bcffc8ccf2d4395a HTTP/1.1" 200 -
117.136.119.209 - - [01/Dec/2019 17:15:50] "POST /upload_screenshot?token=39e214641cd44515bcffc8ccf2d4395a HTTP/1.1" 200 -
117.136.119.209 - - [01/Dec/2019 17:15:56] "POST /upload_screenshot?token=39e214641cd44515bcffc8ccf2d4395a HTTP/1.1" 200 -
117.136.119.209 - - [01/Dec/2019 17:16:01] "POST /upload_screenshot?token=39e214641cd44515bcffc8ccf2d4395a HTTP/1.1" 200 -
117.136.119.209 - - [01/Dec/2019 17:16:07] "POST /upload_screenshot?token=39e214641cd44515bcffc8ccf2d4395a HTTP/1.1" 200 -
117.136.119.209 - - [01/Dec/2019 17:16:13] "POST /upload_screenshot?token=39e214641cd44515bcffc8ccf2d4395a HTTP/1.1" 200 -
117.136.119.209 - - [01/Dec/2019 17:16:18] "POST /upload_screenshot?token=39e214641cd44515bcffc8ccf2d4395a HTTP/1.1" 200 -
117.136.119.209 - - [01/Dec/2019 17:16:24] "POST /upload_screenshot?token=39e214641cd44515bcffc8ccf2d4395a HTTP/1.1" 200 -
117.136.119.209 - - [01/Dec/2019 17:16:31] "POST /upload_screenshot?token=39e214641cd44515bcffc8ccf2d4395a HTTP/1.1" 200 -
117.136.119.209 - - [01/Dec/2019 17:16:38] "POST /upload_screenshot?token=39e214641cd44515bcffc8ccf2d4395a HTTP/1.1" 200 -
117.136.119.209 - - [01/Dec/2019 17:16:45] "POST /upload_screenshot?token=39e214641cd44515bcffc8ccf2d4395a HTTP/1.1" 200 -
117.136.119.209 - - [01/Dec/2019 17:16:52] "POST /upload_screenshot?token=39e214641cd44515bcffc8ccf2d4395a HTTP/1.1" 200 -
